[31三月2025 15:07:26.246] [main/INFO] [cpw.mods.modlauncher.Launcher/MODLAUNCHER]: ModLauncher running: args [--launchTarget, forge_userdev_data, --assetIndex, 12, --assetsDir, C:\Users\Lenovo\.gradle\caches\forge_gradle\assets, --gameDir, ., --mod, maring, --all, --output, D:\forge-1.20.4-49.0.48-mdk\src\generated\resources, --existing, D:\forge-1.20.4-49.0.48-mdk\src\main\resources]
[31三月2025 15:07:26.264] [main/INFO] [cpw.mods.modlauncher.Launcher/MODLAUNCHER]: JVM identified as Oracle Corporation Java HotSpot(TM) 64-Bit Server VM 17.0.1+12-LTS-39
[31三月2025 15:07:26.268] [main/INFO] [cpw.mods.modlauncher.Launcher/MODLAUNCHER]: ModLauncher 10.1.2 starting: java version 17.0.1 by Oracle Corporation; OS Windows 10 arch amd64 version 10.0
[31三月2025 15:07:26.421] [main/INFO] [net.minecraftforge.fml.loading.ImmediateWindowHandler/]: ImmediateWindowProvider not loading because launch target is forge_userdev_data
[31三月2025 15:07:26.545] [main/INFO] [mixin/]: SpongePowered MIXIN Subsystem Version=0.8.5 Source=jar:file:///C:/Users/Lenovo/.gradle/caches/modules-2/files-2.1/org.spongepowered/mixin/0.8.5/9d1c0c3a304ae6697ecd477218fa61b850bf57fc/mixin-0.8.5.jar!/ Service=ModLauncher Env=UNKNOWN
[31三月2025 15:07:28.168] [main/INFO] [net.minecraftforge.fml.loading.moddiscovery.JarInJarDependencyLocator/]: No dependencies to load found. Skipping!
[31三月2025 15:07:28.213] [main/ERROR] [net.minecraftforge.fml.loading.ModSorter/LOADING]: Missing or unsupported mandatory dependencies:
	Mod ID: 'create', Requested by: 'createdeco', Expected range: '[mc1.16.5_v0.3.1f,)', Actual version: '[MISSING]'
	Mod ID: 'minecraft', Requested by: 'createdeco', Expected range: '[1.16.5,1.17)', Actual version: '1.20.4'
[31三月2025 15:07:29.210] [main/INFO] [cpw.mods.modlauncher.LaunchServiceHandler/MODLAUNCHER]: Launching target 'forge_userdev_data' with arguments [--gameDir, ., --assetsDir, C:\Users\Lenovo\.gradle\caches\forge_gradle\assets, --assetIndex, 12, --mod, maring, --all, --output, D:\forge-1.20.4-49.0.48-mdk\src\generated\resources, --existing, D:\forge-1.20.4-49.0.48-mdk\src\main\resources]
[31三月2025 15:07:34.486] [main/FATAL] [net.minecraftforge.fml.ModLoader/CORE]: Error during pre-loading phase
net.minecraftforge.fml.ModLoadingException: fml.modloading.missingdependency
	at net.minecraftforge.fml.ModLoadingException.lambda$fromEarlyException$0(ModLoadingException.java:50) ~[fmlcore-1.20.4-49.0.48.jar:1.0]
	at java.util.stream.ReferencePipeline$3$1.accept(ReferencePipeline.java:197) ~[?:?]
	at java.util.AbstractList$RandomAccessSpliterator.forEachRemaining(AbstractList.java:720) ~[?:?]
	at java.util.stream.AbstractPipeline.copyInto(AbstractPipeline.java:509) ~[?:?]
	at java.util.stream.AbstractPipeline.wrapAndCopyInto(AbstractPipeline.java:499) ~[?:?]
	at java.util.stream.ForEachOps$ForEachOp.evaluateSequential(ForEachOps.java:150) ~[?:?]
	at java.util.stream.ForEachOps$ForEachOp$OfRef.evaluateSequential(ForEachOps.java:173) ~[?:?]
	at java.util.stream.AbstractPipeline.evaluate(AbstractPipeline.java:234) ~[?:?]
	at java.util.stream.ReferencePipeline.forEach(ReferencePipeline.java:596) ~[?:?]
	at java.util.stream.ReferencePipeline$7$1.accept(ReferencePipeline.java:276) ~[?:?]
	at java.util.ArrayList$ArrayListSpliterator.forEachRemaining(ArrayList.java:1625) ~[?:?]
	at java.util.stream.AbstractPipeline.copyInto(AbstractPipeline.java:509) ~[?:?]
	at java.util.stream.AbstractPipeline.wrapAndCopyInto(AbstractPipeline.java:499) ~[?:?]
	at java.util.stream.ReduceOps$ReduceOp.evaluateSequential(ReduceOps.java:921) ~[?:?]
	at java.util.stream.AbstractPipeline.evaluate(AbstractPipeline.java:234) ~[?:?]
	at java.util.stream.ReferencePipeline.collect(ReferencePipeline.java:682) ~[?:?]
	at net.minecraftforge.fml.ModLoader.<init>(ModLoader.java:98) ~[fmlcore-1.20.4-49.0.48.jar:1.0]
	at net.minecraftforge.fml.ModLoader.get(ModLoader.java:130) ~[fmlcore-1.20.4-49.0.48.jar:1.0]
	at net.minecraftforge.data.loading.DatagenModLoader.begin(DatagenModLoader.java:46) ~[forge-1.20.4-49.0.48_mapped_official_1.20.4-recomp.jar:?]
	at net.minecraft.data.Main.main(Main.java:103) ~[forge-1.20.4-49.0.48_mapped_official_1.20.4-recomp.jar:?]
	at jdk.internal.reflect.NativeMethodAccessorImpl.invoke0(Native Method) ~[?:?]
	at jdk.internal.reflect.NativeMethodAccessorImpl.invoke(NativeMethodAccessorImpl.java:77) ~[?:?]
	at jdk.internal.reflect.DelegatingMethodAccessorImpl.invoke(DelegatingMethodAccessorImpl.java:43) ~[?:?]
	at java.lang.reflect.Method.invoke(Method.java:568) ~[?:?]
	at net.minecraftforge.fml.loading.targets.CommonLaunchHandler.runTarget(CommonLaunchHandler.java:91) ~[fmlloader-1.20.4-49.0.48.jar:?]
	at net.minecraftforge.fml.loading.targets.CommonLaunchHandler.lambda$makeService$0(CommonLaunchHandler.java:75) ~[fmlloader-1.20.4-49.0.48.jar:?]
	at cpw.mods.modlauncher.LaunchServiceHandler.launch(LaunchServiceHandler.java:54) ~[modlauncher-10.1.2.jar:?]
	at cpw.mods.modlauncher.LaunchServiceHandler.launch(LaunchServiceHandler.java:74) ~[modlauncher-10.1.2.jar:?]
	at cpw.mods.modlauncher.Launcher.run(Launcher.java:114) ~[modlauncher-10.1.2.jar:?]
	at cpw.mods.modlauncher.Launcher.main(Launcher.java:73) ~[modlauncher-10.1.2.jar:?]
	at cpw.mods.modlauncher.BootstrapEntry.main(BootstrapEntry.java:17) ~[modlauncher-10.1.2.jar:?]
	at net.minecraftforge.bootstrap.Bootstrap.moduleMain(Bootstrap.java:188) ~[bootstrap-2.1.0.jar!/:?]
	at jdk.internal.reflect.NativeMethodAccessorImpl.invoke0(Native Method) ~[?:?]
	at jdk.internal.reflect.NativeMethodAccessorImpl.invoke(NativeMethodAccessorImpl.java:77) ~[?:?]
	at jdk.internal.reflect.DelegatingMethodAccessorImpl.invoke(DelegatingMethodAccessorImpl.java:43) ~[?:?]
	at java.lang.reflect.Method.invoke(Method.java:568) ~[?:?]
	at net.minecraftforge.bootstrap.Bootstrap.bootstrapMain(Bootstrap.java:133) ~[bootstrap-2.1.0.jar!/:?]
	at net.minecraftforge.bootstrap.Bootstrap.start(Bootstrap.java:53) ~[bootstrap-2.1.0.jar!/:?]
	at net.minecraftforge.bootstrap.ForgeBootstrap.main(ForgeBootstrap.java:19) ~[bootstrap-2.1.0.jar!/:?]
